<?xml version="1.0" encoding="UTF-8"?>
<!-- Generated by org.testng.reporters.JUnitReportReporter -->
<testsuite skipped="0" hostname="Tyss-PT-018" name="scripts.TimeZoneTest" tests="1" failures="0" timestamp="22 Mar 2019 07:26:32 GMT" time="29.110" errors="0">
  <testcase name="Check" time="29.110" classname="scripts.TimeZoneTest"/>
</testsuite> <!-- scripts.TimeZoneTest -->
