<?xml version="1.0" encoding="UTF-8"?>
<!-- Generated by org.testng.reporters.JUnitReportReporter -->
<testsuite skipped="0" hostname="Tyss-PT-018" name="scripts.TimeFormatTest" tests="1" failures="0" timestamp="22 Mar 2019 09:18:36 GMT" time="29.540" errors="0">
  <testcase name="Change" time="29.540" classname="scripts.TimeFormatTest"/>
</testsuite> <!-- scripts.TimeFormatTest -->
